<?xml version="1.0" encoding="UTF-8"?>
<!-- Generated by org.testng.reporters.JUnitReportReporter -->
<testsuite hostname="LAP-TZ-5X44325" failures="0" tests="3" name="Tests.PutPatchExample" time="14.797" errors="0" timestamp="2021-09-16T21:15:05 IST" skipped="0">
  <testcase classname="Tests.PutPatchExample" name="testDelete" time="13.243"/>
  <system-out/>
  <testcase classname="Tests.PutPatchExample" name="testPatch" time="0.898"/>
  <system-out/>
  <testcase classname="Tests.PutPatchExample" name="testPut" time="0.656"/>
  <system-out/>
</testsuite> <!-- Tests.PutPatchExample -->
